1 noflag .A test.txt
2 noflag [0-9]] test2.txt
3 noflag test test3.txt
4 noflag test test4.txt
5 -e .A test.txt
6 -e [0-9] test2.txt
7 -e grep test2.txt
8 -e test test3.txt
9 -e test test4.txt
10 -v .A test.txt
11 -v [0-9] test2.txt
12 -v grep test2.txt
13 -v test test3.txt
14 -v test test4.txt
15 -l .A test.txt
16 -l [0-9] test2.txt
17 -l grep test2.txt
18 -l test test3.txt
19 -l test test4.txt
20 -c .A test.txt
21 -c [0-9] test2.txt
22 -c grep test2.txt
23 -c test test3.txt
24 -c test test4.txt
25 -n .A test.txt
26 -n [0-9] test2.txt
27 -n grep test2.txt
28 -n test test3.txt
29 -n test test4.txt
30 -h .A test.txt
31 -h [0-9] test2.txt
32 -h grep test2.txt
33 -h test test3.txt
34 -h test test4.txt
35 -s .A test.txt
36 -s [0-9] test2.txt
37 -s grep test2.txt
38 -s test test3.txt
39 -s test test4.txt
40 -i .A test.txt
41 -i [0-9] test2.txt
42 -i grep test2.txt
43 -i test test3.txt
44 -i test test4.txt
45 -v .A -e test.txt
46 -v -e [0-9] test2.txt
47 -v -e grep. test2.txt
48 -v -e test test3.txt
49 -v -e test test4.txt
50 -l .A -e test.txt
51 -l -e [0-9] test2.txt
52 -l -e grep. test2.txt
53 -l -e test test3.txt
54 -l -e test test4.txt
55 -c .A -e test.txt
56 -c -e [0-9] test2.txt
57 -c -e grep. test2.txt
58 -c -e test test3.txt
59 -c -e test test4.txt
60 -n .A -e test.txt
61 -n -e [0-9] test2.txt
62 -n -e grep. test2.txt
63 -n -e test test3.txt
64 -n -e test test4.txt
65 -h .A -e test.txt
66 -h -e [0-9] test2.txt
67 -h -e grep. test2.txt
68 -h -e test test3.txt
69 -h -e test test4.txt
70 -s .A -e test.txt
71 -s -e [0-9] test2.txt
72 -s -e grep. test2.txt
73 -s -e test test3.txt
74 -s -e test test4.txt
75 -i .A -e test.txt
76 -i -e [0-9] test2.txt
77 -i -e grep. test2.txt
78 -i -e test test3.txt
79 -i -e test test4.txt
80 -e .A -v test.txt
81 -e test -v test2.txt
82 -e grep. -v test2.txt
83 -e test -v test3.txt
84 -e test -v test4.txt
85 -e .A -l test.txt
86 -e test -l test2.txt
87 -e grep. -l test2.txt
88 -e test -l test3.txt
89 -e test -l test4.txt
90 -e .A -c test.txt
91 -e test -c test2.txt
92 -e grep. -c test2.txt
93 -e test -c test3.txt
94 -e test -c test4.txt
95 -e .A -n test.txt
96 -e test -n test2.txt
97 -e grep. -n test2.txt
98 -e test -n test3.txt
99 -e test -n test4.txt
100 -e .A -h test.txt
101 -e test -h test2.txt
102 -e grep. -h test2.txt
103 -e test -h test3.txt
104 -e test -h test4.txt
105 -e .A -s test.txt
106 -e test -s test2.txt
107 -e grep. -s test2.txt
108 -e test -s test3.txt
109 -e test -s test4.txt
110 -e .A -i test.txt
111 -e test -i test2.txt
112 -e grep. -i test2.txt
113 -e test -i test3.txt
114 -e test -i test4.txt
115 -e .A -c empty.txt
116 -e test -c empty.txt
117 -e grep. -c empty.txt
118 -e test -c empty.txt
119 -e test -c empty.txt
120 -e '' -c empty.txt
121 -e .a -e GNU -v test.txt
122 -e [0-9] -e grep -v test2.txt
123 -e test -e 123 -v test3.txt
124 -e test -e final -v test4.txt
125 -e .a -e GNU -l test.txt
126 -e [0-9] -e grep -l test2.txt
127 -e test -e 123 -l test3.txt
128 -e test -e final -l test4.txt
129 -e .a -e GNU -c test.txt
130 -e [0-9] -e grep -c test2.txt
131 -e test -e 123 -c test3.txt
132 -e test -e final -c test4.txt
133 -e .a -e GNU -n test.txt
134 -e [0-9] -e grep -n test2.txt
135 -e test -e 123 -n test3.txt
136 -e test -e final -n test4.txt
137 -e .a -e GNU -h test.txt
138 -e [0-9] -e grep -h test2.txt
139 -e test -e 123 -h test3.txt
140 -e test -e final -h test4.txt
141 -e .a -e GNU -s test.txt
142 -e [0-9] -e grep -s test2.txt
143 -e test -e 123 -s test3.txt
144 -e test -e final -s test4.txt
145 -e .a -e GNU -i test.txt
146 -e [0-9] -e grep -i test2.txt
147 -e test -e 123 -i test3.txt
148 -e test -e final -i test4.txt
149 noflag .A -e test.txt
150 noflag -e [0-9] test2.txt
151 noflag -e grep. test2.txt
152 noflag -e test test3.txt
153 noflag -e test test4.txt
154 noflag .A -e test.txt
155 noflag -e [0-9] test2.txt
156 noflag -e grep. test2.txt
157 noflag -e test test3.txt
158 noflag -e test test4.txt
159 noflag .A -e test.txt
160 noflag -e [0-9] test2.txt
161 noflag -e grep. test2.txt
162 noflag -e test test3.txt
163 noflag -e test test4.txt
164 noflag .A -e test.txt
165 noflag -e [0-9] test2.txt
166 noflag -e grep. test2.txt
167 noflag -e test test3.txt
168 noflag -e test test4.txt
169 noflag .A -e test.txt
170 noflag -e [0-9] test2.txt
171 noflag -e grep. test2.txt
172 noflag -e test test3.txt
173 noflag -e test test4.txt
174 noflag .A -e test.txt
175 noflag -e [0-9] test2.txt
176 noflag -e grep. test2.txt
177 noflag -e test test3.txt
178 noflag -e test test4.txt
179 noflag .A -e test.txt
180 noflag -e [0-9] test2.txt
181 noflag -e grep. test2.txt
182 noflag -e test test3.txt
183 noflag -e test test4.txt
184 -e .a -e GNU -v test.txt test2.txt test3.txt test4.txt
185 -e dog -e GNU -v test.txt test2.txt test3.txt test4.txt
186 -e [0-9] -e grep -v test.txt test2.txt test3.txt test4.txt
187 -e test -e 123 -v test.txt test2.txt test3.txt test4.txt
188 -e test -e final -v test.txt test2.txt test3.txt test4.txt
189 -v -e 123 -e hello -e 'line$' -e dog test.txt test2.txt test3.txt test4.txt
190 -v -e here -e 123 -e hello -e 'line$' -e dog test.txt test2.txt test3.txt test4.txt
191 -v -e here -e 123 -e hello -e 'line$' -e dog -e '' -e ' ' test.txt test2.txt test3.txt test4.txt
192 -e .a -e GNU -l test.txt test2.txt test3.txt test4.txt
193 -e dog -e GNU -l test.txt test2.txt test3.txt test4.txt
194 -e [0-9] -e grep -l test.txt test2.txt test3.txt test4.txt
195 -e test -e 123 -l test.txt test2.txt test3.txt test4.txt
196 -e test -e final -l test.txt test2.txt test3.txt test4.txt
197 -l -e 123 -e hello -e 'line$' -e dog test.txt test2.txt test3.txt test4.txt
198 -l -e here -e 123 -e hello -e 'line$' -e dog test.txt test2.txt test3.txt test4.txt
199 -l -e here -e 123 -e hello -e 'line$' -e dog -e '' -e ' ' test.txt test2.txt test3.txt test4.txt
200 -e .a -e GNU -c test.txt test2.txt test3.txt test4.txt
201 -e dog -e GNU -c test.txt test2.txt test3.txt test4.txt
202 -e [0-9] -e grep -c test.txt test2.txt test3.txt test4.txt
203 -e test -e 123 -c test.txt test2.txt test3.txt test4.txt
204 -e test -e final -c test.txt test2.txt test3.txt test4.txt
205 -c -e 123 -e hello -e 'line$' -e dog test.txt test2.txt test3.txt test4.txt
206 -c -e here -e 123 -e hello -e 'line$' -e dog test.txt test2.txt test3.txt test4.txt
207 -c -e here -e 123 -e hello -e 'line$' -e dog -e '' -e ' ' test.txt test2.txt test3.txt test4.txt
208 -e .a -e GNU -n test.txt test2.txt test3.txt test4.txt
209 -e dog -e GNU -n test.txt test2.txt test3.txt test4.txt
210 -e [0-9] -e grep -n test.txt test2.txt test3.txt test4.txt
211 -e test -e 123 -n test.txt test2.txt test3.txt test4.txt
212 -e test -e final -n test.txt test2.txt test3.txt test4.txt
213 -n -e 123 -e hello -e 'line$' -e dog test.txt test2.txt test3.txt test4.txt
214 -n -e here -e 123 -e hello -e 'line$' -e dog test.txt test2.txt test3.txt test4.txt
215 -n -e here -e 123 -e hello -e 'line$' -e dog -e '' -e ' ' test.txt test2.txt test3.txt test4.txt
216 -e .a -e GNU -h test.txt test2.txt test3.txt test4.txt
217 -e dog -e GNU -h test.txt test2.txt test3.txt test4.txt
218 -e [0-9] -e grep -h test.txt test2.txt test3.txt test4.txt
219 -e test -e 123 -h test.txt test2.txt test3.txt test4.txt
220 -e test -e final -h test.txt test2.txt test3.txt test4.txt
221 -h -e 123 -e hello -e 'line$' -e dog test.txt test2.txt test3.txt test4.txt
222 -h -e here -e 123 -e hello -e 'line$' -e dog test.txt test2.txt test3.txt test4.txt
223 -h -e here -e 123 -e hello -e 'line$' -e dog -e '' -e ' ' test.txt test2.txt test3.txt test4.txt
224 -e .a -e GNU -s test.txt test2.txt test3.txt test4.txt
225 -e dog -e GNU -s test.txt test2.txt test3.txt test4.txt
226 -e [0-9] -e grep -s test.txt test2.txt test3.txt test4.txt
227 -e test -e 123 -s test.txt test2.txt test3.txt test4.txt
228 -e test -e final -s test.txt test2.txt test3.txt test4.txt
229 -s -e 123 -e hello -e 'line$' -e dog test.txt test2.txt test3.txt test4.txt
230 -s -e here -e 123 -e hello -e 'line$' -e dog test.txt test2.txt test3.txt test4.txt
231 -s -e here -e 123 -e hello -e 'line$' -e dog -e '' -e ' ' test.txt test2.txt test3.txt test4.txt
232 -e .a -e GNU -i test.txt test2.txt test3.txt test4.txt
233 -e dog -e GNU -i test.txt test2.txt test3.txt test4.txt
234 -e [0-9] -e grep -i test.txt test2.txt test3.txt test4.txt
235 -e test -e 123 -i test.txt test2.txt test3.txt test4.txt
236 -e test -e final -i test.txt test2.txt test3.txt test4.txt
237 -i -e 123 -e hello -e 'line$' -e dog test.txt test2.txt test3.txt test4.txt
238 -i -e here -e 123 -e hello -e 'line$' -e dog test.txt test2.txt test3.txt test4.txt
239 -i -e here -e 123 -e hello -e 'line$' -e dog -e '' -e ' ' test.txt test2.txt test3.txt test4.txt
240 regex '^test' on test3.txt
241 combo -n with regex '^test'
242 regex 't.st' single char wildcard
243 combo -i with regex 'T.st' case-insensitive
244 multiple -e patterns: test and another
245 multiple -e patterns: test and 123
246 regex 'line$' lines ending with 'line'
247 combo -n with 'line$' on test4.txt
248 regex '^first' lines starting with 'first'
249 combo -h -e hide filename
